
*** Running vivado
    with args -log design_1_ilmb_v10_0.vds -m64 -product Vivado -mode batch -messageDb vivado.pb -notrace -source design_1_ilmb_v10_0.tcl



****** Vivado v2024.2 (64-bit)
  **** SW Build 5239630 on Fri Nov 08 22:35:27 MST 2024
  **** IP Build 5239520 on Sun Nov 10 16:12:51 MST 2024
  **** SharedData Build 5239561 on Fri Nov 08 14:39:27 MST 2024
  **** Start of session at: Wed Jun 11 14:48:42 2025
    ** Copyright 1986-2022 Xilinx, Inc. All Rights Reserved.
    ** Copyright 2022-2024 Advanced Micro Devices, Inc. All Rights Reserved.

source design_1_ilmb_v10_0.tcl -notrace
create_project: Time (s): cpu = 00:00:06 ; elapsed = 00:00:06 . Memory (MB): peak = 618.000 ; gain = 189.219
INFO: [IP_Flow 19-6924] IPCACHE: Running cache check for IP inst: design_1_ilmb_v10_0
INFO: [IP_Flow 19-6922] IPCACHE: Exporting cached entry 07c03fb612f66eb3 to dir: D:/ACA_Group9/hd-aca-25/work/design_1_ilmb_v10_0_synth_1
INFO: [IP_Flow 19-6928] IPCACHE: copied cached file d:/ACA_Group9/hd-aca-25/work/work.cache/ip/2024.2/0/7/07c03fb612f66eb3/design_1_dlmb_v10_0.dcp to D:/ACA_Group9/hd-aca-25/work/design_1_ilmb_v10_0_synth_1/design_1_ilmb_v10_0.dcp.
INFO: [IP_Flow 19-6928] IPCACHE: copied cached file d:/ACA_Group9/hd-aca-25/work/work.cache/ip/2024.2/0/7/07c03fb612f66eb3/design_1_dlmb_v10_0_sim_netlist.v to D:/ACA_Group9/hd-aca-25/work/design_1_ilmb_v10_0_synth_1/design_1_ilmb_v10_0_sim_netlist.v.
INFO: [IP_Flow 19-6928] IPCACHE: copied cached file d:/ACA_Group9/hd-aca-25/work/work.cache/ip/2024.2/0/7/07c03fb612f66eb3/design_1_dlmb_v10_0_sim_netlist.vhdl to D:/ACA_Group9/hd-aca-25/work/design_1_ilmb_v10_0_synth_1/design_1_ilmb_v10_0_sim_netlist.vhdl.
INFO: [IP_Flow 19-6928] IPCACHE: copied cached file d:/ACA_Group9/hd-aca-25/work/work.cache/ip/2024.2/0/7/07c03fb612f66eb3/design_1_dlmb_v10_0_stub.v to D:/ACA_Group9/hd-aca-25/work/design_1_ilmb_v10_0_synth_1/design_1_ilmb_v10_0_stub.v.
INFO: [IP_Flow 19-6928] IPCACHE: copied cached file d:/ACA_Group9/hd-aca-25/work/work.cache/ip/2024.2/0/7/07c03fb612f66eb3/design_1_dlmb_v10_0_stub.vhdl to D:/ACA_Group9/hd-aca-25/work/design_1_ilmb_v10_0_synth_1/design_1_ilmb_v10_0_stub.vhdl.
INFO: [IP_Flow 19-4838] Using cached IP synthesis design for IP design_1_ilmb_v10_0, cache-ID = 07c03fb612f66eb3.
INFO: [Common 17-206] Exiting Vivado at Wed Jun 11 14:48:52 2025...
